

Started GET "/" for ::1 at 2016-06-16 09:39:49 +0200
Processing by Rails::WelcomeController#index as HTML
  Rendered /home/hermann/.gem/ruby/2.3.0/gems/railties-4.2.6/lib/rails/templates/rails/welcome/index.html.erb (1.4ms)
Completed 200 OK in 15ms (Views: 7.8ms | ActiveRecord: 0.0ms)


Started GET "/" for ::1 at 2016-06-16 09:42:59 +0200
Processing by HomeController#index as HTML
  Rendered home/index.html.erb within layouts/application (1.0ms)
Completed 200 OK in 983ms (Views: 975.4ms | ActiveRecord: 0.0ms)


Started GET "/assets/home.self-e3b0c44298fc1c149afbf4c8996fb92427ae41e4649b934ca495991b7852b855.css?body=1" for ::1 at 2016-06-16 09:43:00 +0200


Started GET "/assets/jquery.self-660adc51e0224b731d29f575a6f1ec167ba08ad06ed5deca4f1e8654c135bf4c.js?body=1" for ::1 at 2016-06-16 09:43:00 +0200


Started GET "/assets/application.self-e80e8f2318043e8af94dddc2adad5a4f09739a8ebb323b3ab31cd71d45fd9113.css?body=1" for ::1 at 2016-06-16 09:43:00 +0200


Started GET "/assets/turbolinks.self-c37727e9bd6b2735da5c311aa83fead54ed0be6cc8bd9a65309e9c5abe2cbfff.js?body=1" for ::1 at 2016-06-16 09:43:00 +0200


Started GET "/assets/jquery_ujs.self-e87806d0cf4489aeb1bb7288016024e8de67fd18db693fe026fe3907581e53cd.js?body=1" for ::1 at 2016-06-16 09:43:00 +0200


Started GET "/assets/home.self-877aef30ae1b040ab8a3aba4e3e309a11d7f2612f44dde450b5c157aa5f95c05.js?body=1" for ::1 at 2016-06-16 09:43:00 +0200


Started GET "/assets/application.self-3b8dabdc891efe46b9a144b400ad69e37d7e5876bdc39dee783419a69d7ca819.js?body=1" for ::1 at 2016-06-16 09:43:00 +0200


Started GET "/" for ::1 at 2016-06-16 12:21:47 +0200
Processing by HomeController#index as HTML
  Rendered home/index.html.erb within layouts/application (0.9ms)
Completed 200 OK in 153ms (Views: 146.2ms | ActiveRecord: 0.0ms)


Started GET "/" for ::1 at 2016-06-16 12:23:38 +0200
Processing by HomeController#index as HTML
  Rendered home/index.html.erb within layouts/application (0.1ms)
Completed 200 OK in 12ms (Views: 11.8ms | ActiveRecord: 0.0ms)


Started GET "/" for ::1 at 2016-06-16 12:27:14 +0200
Processing by HomeController#index as HTML
  Rendered home/index.html.erb within layouts/application (9.5ms)
Completed 200 OK in 164ms (Views: 156.9ms | ActiveRecord: 0.0ms)


Started GET "/" for ::1 at 2016-06-16 12:27:38 +0200
Processing by HomeController#index as HTML
  Rendered home/index.html.erb within layouts/application (12.8ms)
Completed 200 OK in 164ms (Views: 156.1ms | ActiveRecord: 0.0ms)


Started GET "/" for ::1 at 2016-06-16 12:28:48 +0200
Processing by HomeController#index as HTML
  Rendered home/index.html.erb within layouts/application (12.6ms)
Completed 200 OK in 164ms (Views: 157.0ms | ActiveRecord: 0.0ms)
